<?xml version="1.0" encoding="UTF-8"?>
<testsuite name="ru.stqa.pft.sandbox.PointTests" tests="3" skipped="0" failures="0" errors="0" timestamp="2021-01-31T11:51:44" hostname="MacBook-Pro-8.local" time="0.003">
  <properties/>
  <testcase name="test1" classname="ru.stqa.pft.sandbox.PointTests" time="0.002"/>
  <testcase name="test2" classname="ru.stqa.pft.sandbox.PointTests" time="0.0"/>
  <testcase name="test3" classname="ru.stqa.pft.sandbox.PointTests" time="0.0"/>
  <system-out><![CDATA[]]></system-out>
  <system-err><![CDATA[]]></system-err>
</testsuite>
