<?xml version="1.0" encoding="UTF-8"?>
<testsuite name="ru.stqa.pft.addressbook.tests.ContactPhoneTests" tests="3" skipped="0" failures="0" errors="0" timestamp="2021-03-10T15:18:19" hostname="MacBook-Pro-8" time="2.011">
  <properties/>
  <testcase name="testContactAddress" classname="ru.stqa.pft.addressbook.tests.ContactPhoneTests" time="0.484"/>
  <testcase name="testContactEmails" classname="ru.stqa.pft.addressbook.tests.ContactPhoneTests" time="0.411"/>
  <testcase name="testContactPhones" classname="ru.stqa.pft.addressbook.tests.ContactPhoneTests" time="0.418"/>
  <system-out><![CDATA[]]></system-out>
  <system-err><![CDATA[]]></system-err>
</testsuite>
