<?xml version="1.0" encoding="UTF-8"?>
<testsuite name="ru.stqa.pft.addressbook.tests.DeletionContact" tests="1" skipped="0" failures="0" errors="0" timestamp="2021-03-02T15:54:54" hostname="MacBook-Pro-8" time="1.947">
  <properties/>
  <testcase name="testDeletionContact" classname="ru.stqa.pft.addressbook.tests.DeletionContact" time="1.947"/>
  <system-out><![CDATA[]]></system-out>
  <system-err><![CDATA[]]></system-err>
</testsuite>
