<?xml version="1.0" encoding="UTF-8"?>
<testsuite name="ru.stqa.pft.addressbook.tests.AddNewContact" tests="1" skipped="0" failures="0" errors="0" timestamp="2021-03-08T16:30:08" hostname="MacBook-Pro-8.local" time="37.529">
  <properties/>
  <testcase name="testAddNewContact" classname="ru.stqa.pft.addressbook.tests.AddNewContact" time="37.529"/>
  <system-out><![CDATA[]]></system-out>
  <system-err><![CDATA[]]></system-err>
</testsuite>
