<?xml version="1.0" encoding="UTF-8"?>
<testsuite name="ru.stqa.pft.addressbook.AddNewContact" tests="1" skipped="0" failures="0" errors="0" timestamp="2021-02-06T11:46:13" hostname="MacBook-Pro-8.local" time="0.873">
  <properties/>
  <testcase name="testAddNewContact" classname="ru.stqa.pft.addressbook.AddNewContact" time="0.873"/>
  <system-out><![CDATA[]]></system-out>
  <system-err><![CDATA[Starting ChromeDriver 88.0.4324.96 (68dba2d8a0b149a1d3afac56fa74648032bcf46b-refs/branch-heads/4324@{#1784}) on port 32388
Only local connections are allowed.
Please see https://chromedriver.chromium.org/security-considerations for suggestions on keeping ChromeDriver safe.
ChromeDriver was started successfully.
фев 06, 2021 2:46:13 PM org.openqa.selenium.remote.ProtocolHandshake createSession
INFO: Detected dialect: W3C
]]></system-err>
</testsuite>
