<?xml version="1.0" encoding="UTF-8"?>
<testsuite name="ru.stqa.pft.addressbook.tests.DeletionContact" tests="1" skipped="0" failures="0" errors="0" timestamp="2021-02-23T18:31:16" hostname="MacBook-Pro-8.local" time="0.732">
  <properties/>
  <testcase name="testDeletionContact" classname="ru.stqa.pft.addressbook.tests.DeletionContact" time="0.732"/>
  <system-out><![CDATA[]]></system-out>
  <system-err><![CDATA[Starting ChromeDriver 88.0.4324.96 (68dba2d8a0b149a1d3afac56fa74648032bcf46b-refs/branch-heads/4324@{#1784}) on port 27693
Only local connections are allowed.
Please see https://chromedriver.chromium.org/security-considerations for suggestions on keeping ChromeDriver safe.
ChromeDriver was started successfully.
фев 23, 2021 9:31:15 PM org.openqa.selenium.remote.ProtocolHandshake createSession
INFO: Detected dialect: W3C
]]></system-err>
</testsuite>
