<?xml version="1.0" encoding="UTF-8"?>
<testsuite name="ru.stqa.pft.addressbook.tests.AddNewContact" tests="4" skipped="0" failures="0" errors="0" timestamp="2021-03-10T12:00:51" hostname="MacBook-Pro-8" time="9.835">
  <properties/>
  <testcase name="testAddNewContact[0](ContactData{id=2147483647, name='nk 0', lastname='emp 0'})" classname="ru.stqa.pft.addressbook.tests.AddNewContact" time="4.174"/>
  <testcase name="testAddNewContact[1](ContactData{id=2147483647, name='nk 1', lastname='emp 1'})" classname="ru.stqa.pft.addressbook.tests.AddNewContact" time="2.773"/>
  <testcase name="testAddNewContact[2](ContactData{id=2147483647, name='nk 2', lastname='emp 2'})" classname="ru.stqa.pft.addressbook.tests.AddNewContact" time="2.882"/>
  <testcase name="testCurrentDir" classname="ru.stqa.pft.addressbook.tests.AddNewContact" time="0.0"/>
  <system-out><![CDATA[/Users/ah/Documents/GitHub/java_pft/addressbook-web-tests/.
/Users/ah/Documents/GitHub/java_pft/addressbook-web-tests/src/test/resources/stru.png
true
]]></system-out>
  <system-err><![CDATA[]]></system-err>
</testsuite>
