<?xml version="1.0" encoding="UTF-8"?>
<testsuite name="ru.stqa.pft.addressbook.tests.AddNewContact" tests="1" skipped="0" failures="0" errors="0" timestamp="2021-03-02T08:35:44" hostname="MacBook-Pro-8" time="2.598">
  <properties/>
  <testcase name="testAddNewContact" classname="ru.stqa.pft.addressbook.tests.AddNewContact" time="2.598"/>
  <system-out><![CDATA[]]></system-out>
  <system-err><![CDATA[]]></system-err>
</testsuite>
